
> smartbike@0.1.0 build
> next build

⚠ `eslint` configuration in next.config.ts is no longer supported. See more info here: https://nextjs.org/docs/app/api-reference/cli/next#next-lint-options
⚠ Invalid next.config.ts options detected: 
⚠     Unrecognized key(s) in object: 'eslint'
⚠ See more info here: https://nextjs.org/docs/messages/invalid-next-config
▲ Next.js 16.1.6 (Turbopack)
- Environments: .env.local

  Creating an optimized production build ...

> Build error occurred
Error: Turbopack build failed with 1 errors:
./src/app/globals.css
Error evaluating Node.js code
CssSyntaxError: C:\Coding\VibeC-Projects\Mechanic Dashboard\src\app\globals.css:1124:1: Unexpected }
    at Input.error (node_modules/postcss/lib/input.js:135:16) [C:\Coding\VibeC-Projects\Mechanic Dashboard\.next\build\chunks\node_modules_fe693df6._.js:4651:22]
    at Parser.unexpectedClose (node_modules/postcss/lib/parser.js:587:22) [C:\Coding\VibeC-Projects\Mechanic Dashboard\.next\build\chunks\node_modules_fe693df6._.js:5820:26]
    at Parser.end (node_modules/postcss/lib/parser.js:330:12) [C:\Coding\VibeC-Projects\Mechanic Dashboard\.next\build\chunks\node_modules_fe693df6._.js:5593:18]
    at Parser.parse (node_modules/postcss/lib/parser.js:456:16) [C:\Coding\VibeC-Projects\Mechanic Dashboard\.next\build\chunks\node_modules_fe693df6._.js:5704:26]
    at parse (node_modules/postcss/lib/parse.js:11:12) [C:\Coding\VibeC-Projects\Mechanic Dashboard\.next\build\chunks\node_modules_fe693df6._.js:5853:16]
    at new LazyResult (node_modules/postcss/lib/lazy-result.js:165:16) [C:\Coding\VibeC-Projects\Mechanic Dashboard\.next\build\chunks\node_modules_fe693df6._.js:6105:24]
    at Processor.process (node_modules/postcss/lib/processor.js:53:14) [C:\Coding\VibeC-Projects\Mechanic Dashboard\.next\build\chunks\node_modules_fe693df6._.js:6572:20]
    at transform (turbopack:///[turbopack-node]/transforms/postcss.ts:70:51) [C:\Coding\VibeC-Projects\Mechanic Dashboard\.next\build\chunks\[root-of-the-server]__51225daf._.js:146:52]
    at run (turbopack:///[turbopack-node]/ipc/evaluate.ts:92:29) [C:\Coding\VibeC-Projects\Mechanic Dashboard\.next\build\chunks\[root-of-the-server]__974941ed._.js:443:37]
    at run (turbopack:///[turbopack-node]/ipc/evaluate.ts:115:11) [C:\Coding\VibeC-Projects\Mechanic Dashboard\.next\build\chunks\[root-of-the-server]__974941ed._.js:464:25]

Import trace:
  Client Component Browser:
    ./src/app/globals.css [Client Component Browser]
    ./src/app/(landing)/layout.tsx [Server Component]


    at transform (turbopack:///[turbopack-node]/transforms/postcss.ts:70:51) [C:\Coding\VibeC-Projects\Mechanic Dashboard\.next\build\chunks\[root-of-the-server]__51225daf._.js:146:52])
    at run (turbopack:///[turbopack-node]/ipc/evaluate.ts:92:29) [C:\Coding\VibeC-Projects\Mechanic Dashboard\.next\build\chunks\[root-of-the-server]__974941ed._.js:443:37])
    at run (turbopack:///[turbopack-node]/ipc/evaluate.ts:115:11) [C:\Coding\VibeC-Projects\Mechanic Dashboard\.next\build\chunks\[root-of-the-server]__974941ed._.js:464:25])
